<?xml version="1.0" encoding="UTF-8"?>
<testng-results ignored="0" total="1" passed="1" failed="0" skipped="0">
  <reporter-output>
  </reporter-output>
  <suite started-at="2021-01-28T16:04:58 EST" name="Default suite" finished-at="2021-01-28T16:05:37 EST" duration-ms="38715">
    <groups>
    </groups>
    <test started-at="2021-01-28T16:04:58 EST" name="Default test" finished-at="2021-01-28T16:05:37 EST" duration-ms="38715">
      <class name="com.websecurity.com.zero.TestScripts.VerifyFundTransfer">
        <test-method is-config="true" signature="openApplication()[pri:0, instance:com.websecurity.com.zero.TestScripts.VerifyFundTransfer@23986957]" started-at="2021-01-28T16:04:58 EST" name="openApplication" finished-at="2021-01-28T16:05:07 EST" duration-ms="8795" status="PASS">
          <reporter-output>
          </reporter-output>
        </test-method> <!-- openApplication -->
        <test-method signature="verifyFundTransfer()[pri:0, instance:com.websecurity.com.zero.TestScripts.VerifyFundTransfer@23986957]" started-at="2021-01-28T16:05:07 EST" name="verifyFundTransfer" finished-at="2021-01-28T16:05:37 EST" duration-ms="29631" status="PASS">
          <reporter-output>
          </reporter-output>
        </test-method> <!-- verifyFundTransfer -->
        <test-method is-config="true" signature="closeApplication()[pri:0, instance:com.websecurity.com.zero.TestScripts.VerifyFundTransfer@23986957]" started-at="2021-01-28T16:05:37 EST" name="closeApplication" finished-at="2021-01-28T16:05:37 EST" duration-ms="176" status="PASS">
          <reporter-output>
          </reporter-output>
        </test-method> <!-- closeApplication -->
      </class> <!-- com.websecurity.com.zero.TestScripts.VerifyFundTransfer -->
    </test> <!-- Default test -->
  </suite> <!-- Default suite -->
</testng-results>
